2019-06-23 20:04:51,343 INFO: Microblog startup [in /home/bahar/microblog/app/__init__.py:45]
2019-06-25 14:53:32,600 INFO: Microblog startup [in /home/bahar/microblog/app/__init__.py:45]
2019-06-25 14:53:44,827 INFO: Microblog startup [in /home/bahar/microblog/app/__init__.py:45]
2019-06-25 16:03:16,480 INFO: Microblog startup [in /home/bahar/microblog/app/__init__.py:45]
2019-06-25 16:03:19,191 INFO: Microblog startup [in /home/bahar/microblog/app/__init__.py:45]
2019-06-25 16:07:00,306 INFO: Microblog startup [in /home/bahar/microblog/app/__init__.py:45]
2019-06-25 16:11:07,821 INFO: Microblog startup [in /home/bahar/microblog/app/__init__.py:45]
2019-06-25 16:11:13,411 INFO: Microblog startup [in /home/bahar/microblog/app/__init__.py:45]
2019-06-25 16:11:19,405 INFO: Microblog startup [in /home/bahar/microblog/app/__init__.py:45]
2019-06-25 16:29:47,693 INFO: Microblog startup [in /home/bahar/microblog/app/__init__.py:45]
2019-06-25 16:55:19,790 INFO: Microblog startup [in /home/bahar/microblog/app/__init__.py:45]
2019-06-25 17:10:28,083 INFO: Microblog startup [in /home/bahar/microblog/app/__init__.py:45]
2019-06-25 17:24:36,849 INFO: Microblog startup [in /home/bahar/microblog/app/__init__.py:45]
2019-06-25 17:34:09,032 INFO: Microblog startup [in /home/bahar/microblog/app/__init__.py:45]
2019-06-26 00:02:08,854 INFO: Microblog startup [in /home/bahar/microblog/app/__init__.py:45]
2019-06-26 14:06:10,631 INFO: Microblog startup [in /home/bahar/microblog/app/__init__.py:48]
2019-06-26 14:06:17,697 INFO: Microblog startup [in /home/bahar/microblog/app/__init__.py:48]
2019-06-26 14:06:33,975 INFO: Microblog startup [in /home/bahar/microblog/app/__init__.py:48]
2019-06-26 14:06:49,131 INFO: Microblog startup [in /home/bahar/microblog/app/__init__.py:48]
2019-06-26 16:42:06,434 INFO: Microblog startup [in /home/bahar/microblog/app/__init__.py:48]
2019-06-26 16:46:12,232 INFO: Microblog startup [in /home/bahar/microblog/app/__init__.py:48]
2019-06-26 17:28:44,284 INFO: Microblog startup [in /home/bahar/microblog/app/__init__.py:48]
2019-06-26 17:29:37,966 ERROR: Exception on /reset_password_request [POST] [in /home/bahar/.virtualenvs/flaskenv/lib/python3.6/site-packages/flask/app.py:1780]
Traceback (most recent call last):
  File "/home/bahar/.virtualenvs/flaskenv/lib/python3.6/site-packages/flask/app.py", line 2311, in wsgi_app
    response = self.full_dispatch_request()
  File "/home/bahar/.virtualenvs/flaskenv/lib/python3.6/site-packages/flask/app.py", line 1834, in full_dispatch_request
    rv = self.handle_user_exception(e)
  File "/home/bahar/.virtualenvs/flaskenv/lib/python3.6/site-packages/flask/app.py", line 1737, in handle_user_exception
    reraise(exc_type, exc_value, tb)
  File "/home/bahar/.virtualenvs/flaskenv/lib/python3.6/site-packages/flask/_compat.py", line 36, in reraise
    raise value
  File "/home/bahar/.virtualenvs/flaskenv/lib/python3.6/site-packages/flask/app.py", line 1832, in full_dispatch_request
    rv = self.dispatch_request()
  File "/home/bahar/.virtualenvs/flaskenv/lib/python3.6/site-packages/flask/app.py", line 1818, in dispatch_request
    return self.view_functions[rule.endpoint](**req.view_args)
  File "/home/bahar/microblog/app/routes.py", line 157, in reset_password_request
    send_password_reset_email(user)
  File "/home/bahar/microblog/app/email.py", line 17, in send_password_reset_email
    token = user.get_reset_password_token()
  File "/home/bahar/microblog/app/models.py", line 59, in get_reset_password_token
    return jwt.encode(
NameError: name 'jwt' is not defined
2019-06-26 17:32:50,915 INFO: Microblog startup [in /home/bahar/microblog/app/__init__.py:48]
2019-06-26 17:33:03,698 INFO: Microblog startup [in /home/bahar/microblog/app/__init__.py:48]
2019-06-26 17:33:15,296 INFO: Microblog startup [in /home/bahar/microblog/app/__init__.py:48]
2019-06-26 17:33:25,880 ERROR: Exception on /reset_password_request [POST] [in /home/bahar/.virtualenvs/flaskenv/lib/python3.6/site-packages/flask/app.py:1780]
Traceback (most recent call last):
  File "/home/bahar/.virtualenvs/flaskenv/lib/python3.6/site-packages/flask/app.py", line 2311, in wsgi_app
    response = self.full_dispatch_request()
  File "/home/bahar/.virtualenvs/flaskenv/lib/python3.6/site-packages/flask/app.py", line 1834, in full_dispatch_request
    rv = self.handle_user_exception(e)
  File "/home/bahar/.virtualenvs/flaskenv/lib/python3.6/site-packages/flask/app.py", line 1737, in handle_user_exception
    reraise(exc_type, exc_value, tb)
  File "/home/bahar/.virtualenvs/flaskenv/lib/python3.6/site-packages/flask/_compat.py", line 36, in reraise
    raise value
  File "/home/bahar/.virtualenvs/flaskenv/lib/python3.6/site-packages/flask/app.py", line 1832, in full_dispatch_request
    rv = self.dispatch_request()
  File "/home/bahar/.virtualenvs/flaskenv/lib/python3.6/site-packages/flask/app.py", line 1818, in dispatch_request
    return self.view_functions[rule.endpoint](**req.view_args)
  File "/home/bahar/microblog/app/routes.py", line 157, in reset_password_request
    send_password_reset_email(user)
  File "/home/bahar/microblog/app/email.py", line 22, in send_password_reset_email
    user=user, token=token),
  File "/home/bahar/.virtualenvs/flaskenv/lib/python3.6/site-packages/flask/templating.py", line 134, in render_template
    return _render(ctx.app.jinja_env.get_or_select_template(template_name_or_list),
  File "/home/bahar/.virtualenvs/flaskenv/lib/python3.6/site-packages/jinja2/environment.py", line 869, in get_or_select_template
    return self.get_template(template_name_or_list, parent, globals)
  File "/home/bahar/.virtualenvs/flaskenv/lib/python3.6/site-packages/jinja2/environment.py", line 830, in get_template
    return self._load_template(name, self.make_globals(globals))
  File "/home/bahar/.virtualenvs/flaskenv/lib/python3.6/site-packages/jinja2/environment.py", line 804, in _load_template
    template = self.loader.load(self, name, globals)
  File "/home/bahar/.virtualenvs/flaskenv/lib/python3.6/site-packages/jinja2/loaders.py", line 113, in load
    source, filename, uptodate = self.get_source(environment, name)
  File "/home/bahar/.virtualenvs/flaskenv/lib/python3.6/site-packages/flask/templating.py", line 58, in get_source
    return self._get_source_fast(environment, template)
  File "/home/bahar/.virtualenvs/flaskenv/lib/python3.6/site-packages/flask/templating.py", line 86, in _get_source_fast
    raise TemplateNotFound(template)
jinja2.exceptions.TemplateNotFound: email/reset_password.txt
2019-06-26 17:37:02,048 INFO: Microblog startup [in /home/bahar/microblog/app/__init__.py:48]
2019-06-26 17:53:34,561 INFO: Microblog startup [in /home/bahar/microblog/app/__init__.py:48]
